2020-04-27 09:00:29.034  INFO 11028 --- [restartedMain] com.thanhtam.backend.BackendApplication  : Starting BackendApplication on DESKTOP-F1I9GU9 with PID 11028 (E:\Projects\DATN\backend\target\classes started by Thanh Tam in E:\Projects\DATN\backend)
2020-04-27 09:00:29.148  INFO 11028 --- [restartedMain] com.thanhtam.backend.BackendApplication  : No active profile set, falling back to default profiles: default
2020-04-27 09:00:30.042  INFO 11028 --- [restartedMain] ConfigServletWebServerApplicationContext : Refreshing org.springframework.boot.web.servlet.context.AnnotationConfigServletWebServerApplicationContext@353eb1ee: startup date [Mon Apr 27 09:00:30 ICT 2020]; root of context hierarchy
2020-04-27 09:00:41.066  INFO 11028 --- [restartedMain] trationDelegate$BeanPostProcessorChecker : Bean 'org.springframework.transaction.annotation.ProxyTransactionManagementConfiguration' of type [org.springframework.transaction.annotation.ProxyTransactionManagementConfiguration$$EnhancerBySpringCGLIB$$fea6268c] is not eligible for getting processed by all BeanPostProcessors (for example: not eligible for auto-proxying)
2020-04-27 09:00:41.181  INFO 11028 --- [restartedMain] trationDelegate$BeanPostProcessorChecker : Bean 'org.springframework.security.config.annotation.configuration.ObjectPostProcessorConfiguration' of type [org.springframework.security.config.annotation.configuration.ObjectPostProcessorConfiguration$$EnhancerBySpringCGLIB$$9753eec6] is not eligible for getting processed by all BeanPostProcessors (for example: not eligible for auto-proxying)
2020-04-27 09:00:41.192  INFO 11028 --- [restartedMain] trationDelegate$BeanPostProcessorChecker : Bean 'objectPostProcessor' of type [org.springframework.security.config.annotation.configuration.AutowireBeanFactoryObjectPostProcessor] is not eligible for getting processed by all BeanPostProcessors (for example: not eligible for auto-proxying)
2020-04-27 09:00:41.196  INFO 11028 --- [restartedMain] trationDelegate$BeanPostProcessorChecker : Bean 'org.springframework.security.access.expression.method.DefaultMethodSecurityExpressionHandler@5b4096f9' of type [org.springframework.security.access.expression.method.DefaultMethodSecurityExpressionHandler] is not eligible for getting processed by all BeanPostProcessors (for example: not eligible for auto-proxying)
2020-04-27 09:00:41.209  INFO 11028 --- [restartedMain] trationDelegate$BeanPostProcessorChecker : Bean 'org.springframework.security.config.annotation.method.configuration.GlobalMethodSecurityConfiguration' of type [org.springframework.security.config.annotation.method.configuration.GlobalMethodSecurityConfiguration$$EnhancerBySpringCGLIB$$bc289178] is not eligible for getting processed by all BeanPostProcessors (for example: not eligible for auto-proxying)
2020-04-27 09:00:41.225  INFO 11028 --- [restartedMain] trationDelegate$BeanPostProcessorChecker : Bean 'methodSecurityMetadataSource' of type [org.springframework.security.access.method.DelegatingMethodSecurityMetadataSource] is not eligible for getting processed by all BeanPostProcessors (for example: not eligible for auto-proxying)
2020-04-27 09:00:43.368  INFO 11028 --- [restartedMain] o.s.b.w.embedded.tomcat.TomcatWebServer  : Tomcat initialized with port(s): 8080 (http)
2020-04-27 09:00:43.484  INFO 11028 --- [restartedMain] o.apache.catalina.core.StandardService   : Starting service [Tomcat]
2020-04-27 09:00:43.485  INFO 11028 --- [restartedMain] org.apache.catalina.core.StandardEngine  : Starting Servlet Engine: Apache Tomcat/8.5.29
2020-04-27 09:00:43.518  INFO 11028 --- [localhost-startStop-1] o.a.catalina.core.AprLifecycleListener   : The APR based Apache Tomcat Native library which allows optimal performance in production environments was not found on the java.library.path: [C:\Program Files\Java\jdk1.8.0_241\bin;C:\WINDOWS\Sun\Java\bin;C:\WINDOWS\system32;C:\WINDOWS;C:\Program Files\Java\jdk1.8.0_241\bin;C:\WINDOWS\system32;C:\WINDOWS;C:\WINDOWS\System32\Wbem;C:\WINDOWS\System32\WindowsPowerShell\v1.0\;C:\WINDOWS\System32\OpenSSH\;C:\Program Files\Git\cmd;C:\Program Files\nodejs\;C:\Program Files\MySQL\MySQL Shell 8.0\bin\;C:\Users\Thanh Tam\AppData\Local\Microsoft\WindowsApps;C:\Users\Thanh Tam\AppData\Roaming\npm;;C:\Users\Thanh Tam\AppData\Local\Programs\Microsoft VS Code\bin;.]
2020-04-27 09:00:43.913  INFO 11028 --- [localhost-startStop-1] o.a.c.c.C.[Tomcat].[localhost].[/]       : Initializing Spring embedded WebApplicationContext
2020-04-27 09:00:43.914  INFO 11028 --- [localhost-startStop-1] o.s.web.context.ContextLoader            : Root WebApplicationContext: initialization completed in 13872 ms
2020-04-27 09:00:45.458  INFO 11028 --- [localhost-startStop-1] com.zaxxer.hikari.HikariDataSource       : HikariPool-1 - Starting...
2020-04-27 09:00:46.033  INFO 11028 --- [localhost-startStop-1] com.zaxxer.hikari.HikariDataSource       : HikariPool-1 - Start completed.
2020-04-27 09:00:46.425  INFO 11028 --- [localhost-startStop-1] j.LocalContainerEntityManagerFactoryBean : Building JPA container EntityManagerFactory for persistence unit 'default'
2020-04-27 09:00:46.452  INFO 11028 --- [localhost-startStop-1] o.hibernate.jpa.internal.util.LogHelper  : HHH000204: Processing PersistenceUnitInfo [
	name: default
	...]
2020-04-27 09:00:47.785  INFO 11028 --- [localhost-startStop-1] org.hibernate.Version                    : HHH000412: Hibernate Core {5.2.16.Final}
2020-04-27 09:00:47.788  INFO 11028 --- [localhost-startStop-1] org.hibernate.cfg.Environment            : HHH000206: hibernate.properties not found
2020-04-27 09:00:48.198  INFO 11028 --- [localhost-startStop-1] o.hibernate.annotations.common.Version   : HCANN000001: Hibernate Commons Annotations {5.0.1.Final}
2020-04-27 09:00:48.967  INFO 11028 --- [localhost-startStop-1] org.hibernate.dialect.Dialect            : HHH000400: Using dialect: org.hibernate.dialect.MySQL5Dialect
2020-04-27 09:01:03.790  INFO 11028 --- [localhost-startStop-1] j.LocalContainerEntityManagerFactoryBean : Initialized JPA EntityManagerFactory for persistence unit 'default'
2020-04-27 09:01:05.217  INFO 11028 --- [localhost-startStop-1] o.s.b.w.servlet.FilterRegistrationBean   : Mapping filter: 'characterEncodingFilter' to: [/*]
2020-04-27 09:01:05.217  INFO 11028 --- [localhost-startStop-1] o.s.b.w.servlet.FilterRegistrationBean   : Mapping filter: 'hiddenHttpMethodFilter' to: [/*]
2020-04-27 09:01:05.217  INFO 11028 --- [localhost-startStop-1] o.s.b.w.servlet.FilterRegistrationBean   : Mapping filter: 'httpPutFormContentFilter' to: [/*]
2020-04-27 09:01:05.217  INFO 11028 --- [localhost-startStop-1] o.s.b.w.servlet.FilterRegistrationBean   : Mapping filter: 'requestContextFilter' to: [/*]
2020-04-27 09:01:05.218  INFO 11028 --- [localhost-startStop-1] .s.DelegatingFilterProxyRegistrationBean : Mapping filter: 'springSecurityFilterChain' to: [/*]
2020-04-27 09:01:05.219  INFO 11028 --- [localhost-startStop-1] o.s.b.w.servlet.FilterRegistrationBean   : Mapping filter: 'authenticationJwtTokenFilter' to: [/*]
2020-04-27 09:01:05.219  INFO 11028 --- [localhost-startStop-1] o.s.b.w.servlet.ServletRegistrationBean  : Servlet dispatcherServlet mapped to [/]
2020-04-27 09:01:06.479  INFO 11028 --- [restartedMain] o.s.w.s.handler.SimpleUrlHandlerMapping  : Mapped URL path [/**/favicon.ico] onto handler of type [class org.springframework.web.servlet.resource.ResourceHttpRequestHandler]
2020-04-27 09:01:06.736  INFO 11028 --- [restartedMain] s.w.s.m.m.a.RequestMappingHandlerMapping : Mapped "{[/api/auth/signin],methods=[POST]}" onto public org.springframework.http.ResponseEntity<?> com.thanhtam.backend.controller.AuthenticationController.authenticateUser(com.thanhtam.backend.dto.LoginUser)
2020-04-27 09:01:06.744  INFO 11028 --- [restartedMain] s.w.s.m.m.a.RequestMappingHandlerMapping : Mapped "{[/api/courses],methods=[GET]}" onto public org.springframework.http.ResponseEntity<com.thanhtam.backend.dto.ServiceResult> com.thanhtam.backend.controller.CourseController.getAllCourse()
2020-04-27 09:01:06.745  INFO 11028 --- [restartedMain] s.w.s.m.m.a.RequestMappingHandlerMapping : Mapped "{[/api/courses/{id}],methods=[GET]}" onto public org.springframework.http.ResponseEntity<?> com.thanhtam.backend.controller.CourseController.getCourseById(java.lang.Long)
2020-04-27 09:01:06.746  INFO 11028 --- [restartedMain] s.w.s.m.m.a.RequestMappingHandlerMapping : Mapped "{[/api/courses],methods=[POST]}" onto public org.springframework.http.ResponseEntity<java.lang.Object> com.thanhtam.backend.controller.CourseController.createCourse(com.thanhtam.backend.entity.Course)
2020-04-27 09:01:06.748  INFO 11028 --- [restartedMain] s.w.s.m.m.a.RequestMappingHandlerMapping : Mapped "{[/api/courses/{id}],methods=[DELETE]}" onto public org.springframework.http.ResponseEntity<?> com.thanhtam.backend.controller.CourseController.deleteCourse(java.lang.Long)
2020-04-27 09:01:06.752  INFO 11028 --- [restartedMain] s.w.s.m.m.a.RequestMappingHandlerMapping : Mapped "{[/api/courses/{id}],methods=[PUT]}" onto public org.springframework.http.ResponseEntity<?> com.thanhtam.backend.controller.CourseController.updateCourse(com.thanhtam.backend.entity.Course,java.lang.Long)
2020-04-27 09:01:06.763  INFO 11028 --- [restartedMain] s.w.s.m.m.a.RequestMappingHandlerMapping : Mapped "{[/api/exams],methods=[GET]}" onto public org.springframework.http.ResponseEntity<java.util.List<com.thanhtam.backend.entity.Exam>> com.thanhtam.backend.controller.ExamController.getAll()
2020-04-27 09:01:06.764  INFO 11028 --- [restartedMain] s.w.s.m.m.a.RequestMappingHandlerMapping : Mapped "{[/api/exams],methods=[POST]}" onto public org.springframework.http.ResponseEntity<?> com.thanhtam.backend.controller.ExamController.createExam(com.thanhtam.backend.entity.Exam)
2020-04-27 09:01:06.765  INFO 11028 --- [restartedMain] s.w.s.m.m.a.RequestMappingHandlerMapping : Mapped "{[/api/exams/{id}],methods=[GET]}" onto public org.springframework.http.ResponseEntity<com.thanhtam.backend.entity.Exam> com.thanhtam.backend.controller.ExamController.getExamById(java.lang.Long)
2020-04-27 09:01:06.766  INFO 11028 --- [restartedMain] s.w.s.m.m.a.RequestMappingHandlerMapping : Mapped "{[/file/import],methods=[POST]}" onto public org.springframework.http.ResponseEntity<com.thanhtam.backend.dto.UserExcel> com.thanhtam.backend.controller.ExcelController.uploadUserToDB(org.springframework.web.multipart.MultipartFile) throws java.io.IOException
2020-04-27 09:01:06.769  INFO 11028 --- [restartedMain] s.w.s.m.m.a.RequestMappingHandlerMapping : Mapped "{[/files/{filename:.+}],methods=[GET]}" onto public org.springframework.http.ResponseEntity<org.springframework.core.io.Resource> com.thanhtam.backend.controller.FileController.getFile(java.lang.String)
2020-04-27 09:01:06.771  INFO 11028 --- [restartedMain] s.w.s.m.m.a.RequestMappingHandlerMapping : Mapped "{[/upload],methods=[POST]}" onto public org.springframework.http.ResponseEntity<com.thanhtam.backend.dto.ServiceResult> com.thanhtam.backend.controller.FileController.uploadFile(org.springframework.web.multipart.MultipartFile)
2020-04-27 09:01:06.773  INFO 11028 --- [restartedMain] s.w.s.m.m.a.RequestMappingHandlerMapping : Mapped "{[/files],methods=[GET]}" onto public org.springframework.http.ResponseEntity<java.util.List<com.thanhtam.backend.entity.FileInfo>> com.thanhtam.backend.controller.FileController.getListFiles()
2020-04-27 09:01:06.776  INFO 11028 --- [restartedMain] s.w.s.m.m.a.RequestMappingHandlerMapping : Mapped "{[/api/profiles],methods=[GET]}" onto public org.springframework.http.ResponseEntity<?> com.thanhtam.backend.controller.ProfileController.getAllProfiles()
2020-04-27 09:01:06.783  INFO 11028 --- [restartedMain] s.w.s.m.m.a.RequestMappingHandlerMapping : Mapped "{[/api/courses/{courseId}/questions],methods=[GET]}" onto public org.springframework.http.ResponseEntity<?> com.thanhtam.backend.controller.QuestionController.getQuestionsByCourse(java.lang.Long)
2020-04-27 09:01:06.785  INFO 11028 --- [restartedMain] s.w.s.m.m.a.RequestMappingHandlerMapping : Mapped "{[/api/question-types/{typeId}/questions],methods=[GET]}" onto public org.springframework.http.ResponseEntity<?> com.thanhtam.backend.controller.QuestionController.getQuestionByQuestionType(java.lang.Long)
2020-04-27 09:01:06.792  INFO 11028 --- [restartedMain] s.w.s.m.m.a.RequestMappingHandlerMapping : Mapped "{[/api/questions],methods=[POST]}" onto public org.springframework.http.ResponseEntity<?> com.thanhtam.backend.controller.QuestionController.createQuestion(com.thanhtam.backend.entity.Question)
2020-04-27 09:01:06.794  INFO 11028 --- [restartedMain] s.w.s.m.m.a.RequestMappingHandlerMapping : Mapped "{[/api/questions/{id}],methods=[GET]}" onto public org.springframework.http.ResponseEntity<?> com.thanhtam.backend.controller.QuestionController.getQuestionById(java.lang.Long)
2020-04-27 09:01:06.796  INFO 11028 --- [restartedMain] s.w.s.m.m.a.RequestMappingHandlerMapping : Mapped "{[/api/questions],methods=[GET]}" onto public org.springframework.http.ResponseEntity<com.thanhtam.backend.dto.ServiceResult> com.thanhtam.backend.controller.QuestionController.getAllQuestion()
2020-04-27 09:01:06.797  INFO 11028 --- [restartedMain] s.w.s.m.m.a.RequestMappingHandlerMapping : Mapped "{[/api/questions/{id}],methods=[PUT]}" onto public org.springframework.http.ResponseEntity<?> com.thanhtam.backend.controller.QuestionController.updateQuestion(com.thanhtam.backend.entity.Question,java.lang.Long)
2020-04-27 09:01:06.801  INFO 11028 --- [restartedMain] s.w.s.m.m.a.RequestMappingHandlerMapping : Mapped "{[/api/question-types],methods=[GET]}" onto public org.springframework.http.ResponseEntity<com.thanhtam.backend.dto.ServiceResult> com.thanhtam.backend.controller.QuestionTypeController.getAllQuestionType()
2020-04-27 09:01:06.802  INFO 11028 --- [restartedMain] s.w.s.m.m.a.RequestMappingHandlerMapping : Mapped "{[/api/question-types/{id}],methods=[GET]}" onto public org.springframework.http.ResponseEntity<?> com.thanhtam.backend.controller.QuestionTypeController.getQuestionTypeById(java.lang.Long)
2020-04-27 09:01:06.805  INFO 11028 --- [restartedMain] s.w.s.m.m.a.RequestMappingHandlerMapping : Mapped "{[/api/users/username/{uid}],methods=[GET]}" onto public org.springframework.http.ResponseEntity<?> com.thanhtam.backend.controller.UserController.getUser(java.lang.String)
2020-04-27 09:01:06.808  INFO 11028 --- [restartedMain] s.w.s.m.m.a.RequestMappingHandlerMapping : Mapped "{[/api/users],methods=[GET]}" onto public org.springframework.http.ResponseEntity<?> com.thanhtam.backend.controller.UserController.getAllUsers()
2020-04-27 09:01:06.810  INFO 11028 --- [restartedMain] s.w.s.m.m.a.RequestMappingHandlerMapping : Mapped "{[/api/users],methods=[POST]}" onto public org.springframework.http.ResponseEntity<?> com.thanhtam.backend.controller.UserController.createUser(com.thanhtam.backend.entity.User)
2020-04-27 09:01:06.816  INFO 11028 --- [restartedMain] s.w.s.m.m.a.RequestMappingHandlerMapping : Mapped "{[/error]}" onto public org.springframework.http.ResponseEntity<java.util.Map<java.lang.String, java.lang.Object>> org.springframework.boot.autoconfigure.web.servlet.error.BasicErrorController.error(javax.servlet.http.HttpServletRequest)
2020-04-27 09:01:06.822  INFO 11028 --- [restartedMain] s.w.s.m.m.a.RequestMappingHandlerMapping : Mapped "{[/error],produces=[text/html]}" onto public org.springframework.web.servlet.ModelAndView org.springframework.boot.autoconfigure.web.servlet.error.BasicErrorController.errorHtml(javax.servlet.http.HttpServletRequest,javax.servlet.http.HttpServletResponse)
2020-04-27 09:01:07.061  INFO 11028 --- [restartedMain] o.s.w.s.handler.SimpleUrlHandlerMapping  : Mapped URL path [/webjars/**] onto handler of type [class org.springframework.web.servlet.resource.ResourceHttpRequestHandler]
2020-04-27 09:01:07.061  INFO 11028 --- [restartedMain] o.s.w.s.handler.SimpleUrlHandlerMapping  : Mapped URL path [/**] onto handler of type [class org.springframework.web.servlet.resource.ResourceHttpRequestHandler]
2020-04-27 09:01:07.200  INFO 11028 --- [restartedMain] o.s.s.web.DefaultSecurityFilterChain     : Creating filter chain: org.springframework.security.web.util.matcher.AnyRequestMatcher@1, [org.springframework.security.web.context.request.async.WebAsyncManagerIntegrationFilter@246c3995, org.springframework.security.web.context.SecurityContextPersistenceFilter@30c39726, org.springframework.security.web.header.HeaderWriterFilter@776f2fcf, org.springframework.web.filter.CorsFilter@1959a08d, org.springframework.security.web.authentication.logout.LogoutFilter@7e592b04, com.thanhtam.backend.config.AuthTokenFilter@16baca1e, org.springframework.security.web.savedrequest.RequestCacheAwareFilter@6dd8f4f5, org.springframework.security.web.servletapi.SecurityContextHolderAwareRequestFilter@48454070, org.springframework.security.web.authentication.AnonymousAuthenticationFilter@58dc405c, org.springframework.security.web.session.SessionManagementFilter@3f2c0d7e, org.springframework.security.web.access.ExceptionTranslationFilter@59754f85, org.springframework.security.web.access.intercept.FilterSecurityInterceptor@4ee2148b]
2020-04-27 09:01:08.124  INFO 11028 --- [restartedMain] s.w.s.m.m.a.RequestMappingHandlerAdapter : Looking for @ControllerAdvice: org.springframework.boot.web.servlet.context.AnnotationConfigServletWebServerApplicationContext@353eb1ee: startup date [Mon Apr 27 09:00:30 ICT 2020]; root of context hierarchy
2020-04-27 09:01:08.383  INFO 11028 --- [restartedMain] .m.m.a.ExceptionHandlerExceptionResolver : Detected @ExceptionHandler methods in fileUploadExceptionAdvice
2020-04-27 09:01:09.302  INFO 11028 --- [restartedMain] o.s.b.d.a.OptionalLiveReloadServer       : LiveReload server is running on port 35729
2020-04-27 09:01:09.418  INFO 11028 --- [restartedMain] o.s.j.e.a.AnnotationMBeanExporter        : Registering beans for JMX exposure on startup
2020-04-27 09:01:09.421  INFO 11028 --- [restartedMain] o.s.j.e.a.AnnotationMBeanExporter        : Bean with name 'dataSource' has been autodetected for JMX exposure
2020-04-27 09:01:09.433  INFO 11028 --- [restartedMain] o.s.j.e.a.AnnotationMBeanExporter        : Located MBean 'dataSource': registering with JMX server as MBean [com.zaxxer.hikari:name=dataSource,type=HikariDataSource]
2020-04-27 09:01:09.636  INFO 11028 --- [restartedMain] o.s.b.w.embedded.tomcat.TomcatWebServer  : Tomcat started on port(s): 8080 (http) with context path ''
2020-04-27 09:01:09.655  INFO 11028 --- [restartedMain] com.thanhtam.backend.BackendApplication  : Started BackendApplication in 44.797 seconds (JVM running for 51.091)
